2024-08-10 05:07:54,654 INFO: SkillCanvas startup [in /Users/aki/FlaskProject/app/app_skillsheet/project-Flask-SkillSheet/myapp/run.py:63]
2024-08-10 05:07:59,092 INFO: SkillCanvas startup [in /Users/aki/FlaskProject/app/app_skillsheet/project-Flask-SkillSheet/myapp/run.py:63]
2024-08-10 05:10:47,783 INFO: SkillCanvas startup [in /Users/aki/FlaskProject/app/app_skillsheet/project-Flask-SkillSheet/myapp/run.py:63]
2024-08-10 05:10:50,039 INFO: SkillCanvas startup [in /Users/aki/FlaskProject/app/app_skillsheet/project-Flask-SkillSheet/myapp/run.py:63]
2024-08-10 05:10:56,091 INFO: SkillCanvas startup [in /Users/aki/FlaskProject/app/app_skillsheet/project-Flask-SkillSheet/myapp/run.py:63]
2024-08-10 05:11:23,620 INFO: SkillCanvas startup [in /Users/aki/FlaskProject/app/app_skillsheet/project-Flask-SkillSheet/myapp/run.py:63]
2024-08-10 05:11:28,750 INFO: SkillCanvas startup [in /Users/aki/FlaskProject/app/app_skillsheet/project-Flask-SkillSheet/myapp/run.py:63]
2024-08-10 05:11:40,818 INFO: SkillCanvas startup [in /Users/aki/FlaskProject/app/app_skillsheet/project-Flask-SkillSheet/myapp/run.py:63]
2024-08-10 05:11:42,838 INFO: SkillCanvas startup [in /Users/aki/FlaskProject/app/app_skillsheet/project-Flask-SkillSheet/myapp/run.py:63]
2024-08-10 05:13:18,696 INFO: SkillCanvas startup [in /Users/aki/FlaskProject/app/app_skillsheet/project-Flask-SkillSheet/myapp/run.py:63]
2024-08-10 05:13:24,881 INFO: SkillCanvas startup [in /Users/aki/FlaskProject/app/app_skillsheet/project-Flask-SkillSheet/myapp/run.py:63]
2024-08-10 05:13:29,592 INFO: SkillCanvas startup [in /Users/aki/FlaskProject/app/app_skillsheet/project-Flask-SkillSheet/myapp/run.py:63]
2024-08-10 05:14:37,894 INFO: SkillCanvas startup [in /Users/aki/FlaskProject/app/app_skillsheet/project-Flask-SkillSheet/myapp/run.py:63]
2024-08-10 05:14:39,639 INFO: SkillCanvas startup [in /Users/aki/FlaskProject/app/app_skillsheet/project-Flask-SkillSheet/myapp/run.py:63]
2024-08-10 05:16:58,057 INFO: SkillCanvas startup [in /Users/aki/FlaskProject/app/app_skillsheet/project-Flask-SkillSheet/myapp/run.py:63]
2024-08-10 05:17:02,805 INFO: SkillCanvas startup [in /Users/aki/FlaskProject/app/app_skillsheet/project-Flask-SkillSheet/myapp/run.py:63]
2024-08-10 05:17:23,630 INFO: SkillCanvas startup [in /Users/aki/FlaskProject/app/app_skillsheet/project-Flask-SkillSheet/myapp/run.py:63]
2024-08-10 05:19:19,196 INFO: SkillCanvas startup [in /Users/aki/FlaskProject/app/app_skillsheet/project-Flask-SkillSheet/myapp/run.py:63]
2024-08-10 05:19:21,525 INFO: SkillCanvas startup [in /Users/aki/FlaskProject/app/app_skillsheet/project-Flask-SkillSheet/myapp/run.py:63]
2024-08-10 05:19:23,030 INFO: User ad logged out successfully. [in /Users/aki/FlaskProject/app/app_skillsheet/project-Flask-SkillSheet/myapp/run.py:334]
2024-08-10 05:20:37,942 INFO: User ad@ad.com logged in successfully. [in /Users/aki/FlaskProject/app/app_skillsheet/project-Flask-SkillSheet/myapp/run.py:248]
2024-08-10 11:28:46,372 INFO: User ad logged out successfully. [in /Users/aki/FlaskProject/app/app_skillsheet/project-Flask-SkillSheet/myapp/run.py:334]
2024-08-10 11:37:41,380 INFO: SkillCanvas startup [in /Users/aki/FlaskProject/app/app_skillsheet/project-Flask-SkillSheet/myapp/run.py:63]
2024-08-10 11:38:07,404 INFO: SkillCanvas startup [in /Users/aki/FlaskProject/app/app_skillsheet/project-Flask-SkillSheet/myapp/run.py:63]
2024-08-10 11:38:36,360 INFO: SkillCanvas startup [in /Users/aki/FlaskProject/app/app_skillsheet/project-Flask-SkillSheet/myapp/run.py:63]
2024-08-10 11:39:04,077 INFO: SkillCanvas startup [in /Users/aki/FlaskProject/app/app_skillsheet/project-Flask-SkillSheet/myapp/run.py:63]
2024-08-10 11:39:11,868 INFO: SkillCanvas startup [in /Users/aki/FlaskProject/app/app_skillsheet/project-Flask-SkillSheet/myapp/run.py:63]
2024-08-10 11:39:15,125 INFO: SkillCanvas startup [in /Users/aki/FlaskProject/app/app_skillsheet/project-Flask-SkillSheet/myapp/run.py:63]
2024-08-10 11:40:25,468 INFO: User email@email.email logged in successfully. [in /Users/aki/FlaskProject/app/app_skillsheet/project-Flask-SkillSheet/myapp/run.py:254]
2024-08-10 11:40:50,317 INFO: SkillCanvas startup [in /Users/aki/FlaskProject/app/app_skillsheet/project-Flask-SkillSheet/myapp/run.py:63]
2024-08-10 11:40:52,751 INFO: SkillCanvas startup [in /Users/aki/FlaskProject/app/app_skillsheet/project-Flask-SkillSheet/myapp/run.py:63]
2024-08-10 11:40:54,632 INFO: SkillCanvas startup [in /Users/aki/FlaskProject/app/app_skillsheet/project-Flask-SkillSheet/myapp/run.py:63]
2024-08-10 11:40:57,707 INFO: SkillCanvas startup [in /Users/aki/FlaskProject/app/app_skillsheet/project-Flask-SkillSheet/myapp/run.py:63]
2024-08-10 11:41:00,672 INFO: SkillCanvas startup [in /Users/aki/FlaskProject/app/app_skillsheet/project-Flask-SkillSheet/myapp/run.py:63]
2024-08-10 11:41:31,917 INFO: SkillCanvas startup [in /Users/aki/FlaskProject/app/app_skillsheet/project-Flask-SkillSheet/myapp/run.py:63]
2024-08-15 09:54:45,893 INFO: User username logged out successfully. [in /Users/aki/FlaskProject/app/app_skillsheet/project-Flask-SkillSheet/myapp/run.py:368]
2024-08-15 10:17:31,774 INFO: User testad logged out successfully. [in /Users/aki/FlaskProject/app/app_skillsheet/project-Flask-SkillSheet/myapp/run.py:368]
2024-08-15 10:22:23,760 INFO: SkillCanvas startup [in /Users/aki/FlaskProject/app/app_skillsheet/project-Flask-SkillSheet/myapp/run.py:63]
2024-08-15 10:23:17,238 INFO: User testad logged in successfully. [in /Users/aki/FlaskProject/app/app_skillsheet/project-Flask-SkillSheet/myapp/run.py:254]
